<?xml version="1.0" encoding="UTF-8"?>
<testsuite xmlns:xsi="http://www.w3.org/2001/XMLSchema-instance" xsi:noNamespaceSchemaLocation="https://maven.apache.org/surefire/maven-surefire-plugin/xsd/surefire-test-report-3.0.xsd" version="3.0" name="jobnest.amine.com.JobNestApplicationTests" time="7.101" tests="1" errors="0" skipped="0" failures="0">
  <properties>
[...]
</properties>
  <testcase name="contextLoads" classname="jobnest.amine.com.JobNestApplicationTests" time="0.525">
    <system-out><![CDATA[20:10:08.462 [main] INFO org.springframework.test.context.support.AnnotationConfigContextLoaderUtils -- Could not detect default configuration classes for test class [jobnest.amine.com.JobNestApplicationTests]: JobNestApplicationTests does not declare any static, non-private, non-final, nested classes annotated with @Configuration.
20:10:08.583 [main] INFO org.springframework.boot.test.context.SpringBootTestContextBootstrapper -- Found @SpringBootConfiguration jobnest.amine.com.JobNestApplication for test class jobnest.amine.com.JobNestApplicationTests

  .   ____          _            __ _ _
 /\\ / ___'_ __ _ _(_)_ __  __ _ \ \ \ \
( ( )\___ | '_ | '_| | '_ \/ _` | \ \ \ \
 \\/  ___)| |_)| | | | | || (_| |  ) ) ) )
  '  |____| .__|_| |_|_| |_\__, | / / / /
 =========|_|==============|___/=/_/_/_/
 :: Spring Boot ::                (v3.2.5)

2024-09-15T20:10:09.144Z  INFO 43132 --- [           main] j.amine.com.JobNestApplicationTests      : Starting JobNestApplicationTests using Java 22.0.2 with PID 43132 (started by ROG in C:\Users\ROG\Downloads\Task-Management-System-master\Task-Management-System-master)
2024-09-15T20:10:09.146Z  INFO 43132 --- [           main] j.amine.com.JobNestApplicationTests      : No active profile set, falling back to 1 default profile: "default"
2024-09-15T20:10:10.141Z  INFO 43132 --- [           main] .s.d.r.c.RepositoryConfigurationDelegate : Bootstrapping Spring Data JPA repositories in DEFAULT mode.
2024-09-15T20:10:10.210Z  INFO 43132 --- [           main] .s.d.r.c.RepositoryConfigurationDelegate : Finished Spring Data repository scanning in 60 ms. Found 2 JPA repository interfaces.
2024-09-15T20:10:10.868Z  INFO 43132 --- [           main] o.hibernate.jpa.internal.util.LogHelper  : HHH000204: Processing PersistenceUnitInfo [name: default]
2024-09-15T20:10:10.962Z  INFO 43132 --- [           main] org.hibernate.Version                    : HHH000412: Hibernate ORM core version 6.4.4.Final
2024-09-15T20:10:11.007Z  INFO 43132 --- [           main] o.h.c.internal.RegionFactoryInitiator    : HHH000026: Second-level cache disabled
2024-09-15T20:10:11.353Z  INFO 43132 --- [           main] o.s.o.j.p.SpringPersistenceUnitInfo      : No LoadTimeWeaver setup: ignoring JPA class transformer
2024-09-15T20:10:11.387Z  INFO 43132 --- [           main] com.zaxxer.hikari.HikariDataSource       : HikariPool-1 - Starting...
2024-09-15T20:10:11.624Z  INFO 43132 --- [           main] com.zaxxer.hikari.pool.HikariPool        : HikariPool-1 - Added connection org.postgresql.jdbc.PgConnection@6c6c2a73
2024-09-15T20:10:11.626Z  INFO 43132 --- [           main] com.zaxxer.hikari.HikariDataSource       : HikariPool-1 - Start completed.
2024-09-15T20:10:11.677Z  WARN 43132 --- [           main] org.hibernate.orm.deprecation            : HHH90000025: PostgreSQLDialect does not need to be specified explicitly using 'hibernate.dialect' (remove the property setting and it will be selected by default)
2024-09-15T20:10:12.875Z  INFO 43132 --- [           main] o.h.e.t.j.p.i.JtaPlatformInitiator       : HHH000489: No JTA platform available (set 'hibernate.transaction.jta.platform' to enable JTA platform integration)
2024-09-15T20:10:12.954Z  INFO 43132 --- [           main] j.LocalContainerEntityManagerFactoryBean : Initialized JPA EntityManagerFactory for persistence unit 'default'
2024-09-15T20:10:13.443Z  WARN 43132 --- [           main] JpaBaseConfiguration$JpaWebConfiguration : spring.jpa.open-in-view is enabled by default. Therefore, database queries may be performed during view rendering. Explicitly configure spring.jpa.open-in-view to disable this warning
2024-09-15T20:10:14.123Z  INFO 43132 --- [           main] o.s.s.web.DefaultSecurityFilterChain     : Will secure any request with [org.springframework.security.web.session.DisableEncodeUrlFilter@13d1653, org.springframework.security.web.context.request.async.WebAsyncManagerIntegrationFilter@3533d790, org.springframework.security.web.context.SecurityContextHolderFilter@706c2726, org.springframework.security.web.header.HeaderWriterFilter@309b8144, org.springframework.web.filter.CorsFilter@28200d43, org.springframework.security.web.authentication.logout.LogoutFilter@3b60be3, org.springframework.security.web.authentication.www.BasicAuthenticationFilter@20a2930f, org.springframework.security.web.savedrequest.RequestCacheAwareFilter@40ecead5, org.springframework.security.web.servletapi.SecurityContextHolderAwareRequestFilter@641255d1, org.springframework.security.web.authentication.AnonymousAuthenticationFilter@23e1f610, org.springframework.security.web.session.SessionManagementFilter@12d8e6b6, org.springframework.security.web.access.ExceptionTranslationFilter@192b76a4, org.springframework.security.web.access.intercept.AuthorizationFilter@e30a8ef]
2024-09-15T20:10:14.524Z  INFO 43132 --- [           main] j.amine.com.JobNestApplicationTests      : Started JobNestApplicationTests in 5.772 seconds (process running for 6.871)
]]></system-out>
    <system-err><![CDATA[WARNING: A Java agent has been loaded dynamically (C:\Users\ROG\.m2\repository\net\bytebuddy\byte-buddy-agent\1.14.13\byte-buddy-agent-1.14.13.jar)
WARNING: If a serviceability tool is in use, please run with -XX:+EnableDynamicAgentLoading to hide this warning
WARNING: If a serviceability tool is not in use, please run with -Djdk.instrument.traceUsage for more information
WARNING: Dynamic loading of agents will be disallowed by default in a future release
]]></system-err>
  </testcase>
</testsuite>